[15-Mar-2018 15:04:34 UTC] PHP Notice:  Undefined variable: sql in /Applications/MAMP/htdocs/wp-plugin-review/wp-content/plugins/reviews/reviews.php on line 51
[15-Mar-2018 15:04:36 UTC] WordPress database error Duplicate column name 'full_name' for query CREATE TABLE wp_reviews (
    id mediumint(9) NOT NULL AUTO_INCREMENT,
    product varchar(191) DEFAULT '' NOT NULL,
    full_name varchar(191) DEFAULT '' NOT NULL,
    full_name varchar(191) DEFAULT '' NOT NULL,
    email varchar(191) DEFAULT '' NOT NULL,
    title varchar(191) DEFAULT '' NOT NULL,
    description varchar(191) DEFAULT '' NOT NULL,
    rating tinyint(9) DEFAULT 0 NOT NULL,
    is_approved tinyint(1) DEFAULT 0 NOT NULL,
    time datetime DEFAULT '0000-00-00 00:00:00' NOT NULL,
    PRIMARY KEY  (id)
  ) DEFAULT CHARACTER SET utf8mb4 COLLATE utf8mb4_unicode_520_ci made by activate_plugin, do_action('activate_reviews/reviews.php'), WP_Hook->do_action, WP_Hook->apply_filters, createTable, dbDelta
[15-Mar-2018 15:05:00 UTC] PHP Notice:  Undefined variable: sql in /Applications/MAMP/htdocs/wp-plugin-review/wp-content/plugins/reviews/reviews.php on line 50
[15-Mar-2018 15:05:04 UTC] PHP Notice:  Undefined variable: sql in /Applications/MAMP/htdocs/wp-plugin-review/wp-content/plugins/reviews/reviews.php on line 50
[15-Mar-2018 15:05:08 UTC] PHP Notice:  Undefined variable: sql in /Applications/MAMP/htdocs/wp-plugin-review/wp-content/plugins/reviews/reviews.php on line 50
[15-Mar-2018 15:29:42 UTC] PHP Warning:  require(/Applications/MAMP/htdocs/wp-plugin-review/wp-content/plugins/reviews/includes/class-plugin-name.php): failed to open stream: No such file or directory in /Applications/MAMP/htdocs/wp-plugin-review/wp-content/plugins/reviews/reviews.php on line 67
[15-Mar-2018 15:29:42 UTC] PHP Fatal error:  require(): Failed opening required '/Applications/MAMP/htdocs/wp-plugin-review/wp-content/plugins/reviews/includes/class-plugin-name.php' (include_path='.:/Applications/MAMP/bin/php/php7.1.6/lib/php') in /Applications/MAMP/htdocs/wp-plugin-review/wp-content/plugins/reviews/reviews.php on line 67
[15-Mar-2018 15:29:43 UTC] PHP Warning:  require(/Applications/MAMP/htdocs/wp-plugin-review/wp-content/plugins/reviews/includes/class-plugin-name.php): failed to open stream: No such file or directory in /Applications/MAMP/htdocs/wp-plugin-review/wp-content/plugins/reviews/reviews.php on line 67
[15-Mar-2018 15:29:43 UTC] PHP Fatal error:  require(): Failed opening required '/Applications/MAMP/htdocs/wp-plugin-review/wp-content/plugins/reviews/includes/class-plugin-name.php' (include_path='.:/Applications/MAMP/bin/php/php7.1.6/lib/php') in /Applications/MAMP/htdocs/wp-plugin-review/wp-content/plugins/reviews/reviews.php on line 67
[15-Mar-2018 15:29:43 UTC] PHP Warning:  require(/Applications/MAMP/htdocs/wp-plugin-review/wp-content/plugins/reviews/includes/class-plugin-name.php): failed to open stream: No such file or directory in /Applications/MAMP/htdocs/wp-plugin-review/wp-content/plugins/reviews/reviews.php on line 67
[15-Mar-2018 15:29:43 UTC] PHP Fatal error:  require(): Failed opening required '/Applications/MAMP/htdocs/wp-plugin-review/wp-content/plugins/reviews/includes/class-plugin-name.php' (include_path='.:/Applications/MAMP/bin/php/php7.1.6/lib/php') in /Applications/MAMP/htdocs/wp-plugin-review/wp-content/plugins/reviews/reviews.php on line 67
[15-Mar-2018 15:31:11 UTC] PHP Warning:  require(/Applications/MAMP/htdocs/wp-plugin-review/wp-content/plugins/reviews/includes/class-plugin-name.php): failed to open stream: No such file or directory in /Applications/MAMP/htdocs/wp-plugin-review/wp-content/plugins/reviews/reviews.php on line 67
[15-Mar-2018 15:31:11 UTC] PHP Fatal error:  require(): Failed opening required '/Applications/MAMP/htdocs/wp-plugin-review/wp-content/plugins/reviews/includes/class-plugin-name.php' (include_path='.:/Applications/MAMP/bin/php/php7.1.6/lib/php') in /Applications/MAMP/htdocs/wp-plugin-review/wp-content/plugins/reviews/reviews.php on line 67
[15-Mar-2018 15:31:12 UTC] PHP Warning:  require(/Applications/MAMP/htdocs/wp-plugin-review/wp-content/plugins/reviews/includes/class-plugin-name.php): failed to open stream: No such file or directory in /Applications/MAMP/htdocs/wp-plugin-review/wp-content/plugins/reviews/reviews.php on line 67
[15-Mar-2018 15:31:12 UTC] PHP Fatal error:  require(): Failed opening required '/Applications/MAMP/htdocs/wp-plugin-review/wp-content/plugins/reviews/includes/class-plugin-name.php' (include_path='.:/Applications/MAMP/bin/php/php7.1.6/lib/php') in /Applications/MAMP/htdocs/wp-plugin-review/wp-content/plugins/reviews/reviews.php on line 67
[15-Mar-2018 15:31:12 UTC] PHP Warning:  require(/Applications/MAMP/htdocs/wp-plugin-review/wp-content/plugins/reviews/includes/class-plugin-name.php): failed to open stream: No such file or directory in /Applications/MAMP/htdocs/wp-plugin-review/wp-content/plugins/reviews/reviews.php on line 67
[15-Mar-2018 15:31:12 UTC] PHP Fatal error:  require(): Failed opening required '/Applications/MAMP/htdocs/wp-plugin-review/wp-content/plugins/reviews/includes/class-plugin-name.php' (include_path='.:/Applications/MAMP/bin/php/php7.1.6/lib/php') in /Applications/MAMP/htdocs/wp-plugin-review/wp-content/plugins/reviews/reviews.php on line 67
[15-Mar-2018 15:31:20 UTC] PHP Warning:  require(/Applications/MAMP/htdocs/wp-plugin-review/wp-content/plugins/reviews/includes/class-plugin-name.php): failed to open stream: No such file or directory in /Applications/MAMP/htdocs/wp-plugin-review/wp-content/plugins/reviews/reviews.php on line 67
[15-Mar-2018 15:31:20 UTC] PHP Fatal error:  require(): Failed opening required '/Applications/MAMP/htdocs/wp-plugin-review/wp-content/plugins/reviews/includes/class-plugin-name.php' (include_path='.:/Applications/MAMP/bin/php/php7.1.6/lib/php') in /Applications/MAMP/htdocs/wp-plugin-review/wp-content/plugins/reviews/reviews.php on line 67
[15-Mar-2018 15:31:21 UTC] PHP Warning:  require(/Applications/MAMP/htdocs/wp-plugin-review/wp-content/plugins/reviews/includes/class-plugin-name.php): failed to open stream: No such file or directory in /Applications/MAMP/htdocs/wp-plugin-review/wp-content/plugins/reviews/reviews.php on line 67
[15-Mar-2018 15:31:21 UTC] PHP Fatal error:  require(): Failed opening required '/Applications/MAMP/htdocs/wp-plugin-review/wp-content/plugins/reviews/includes/class-plugin-name.php' (include_path='.:/Applications/MAMP/bin/php/php7.1.6/lib/php') in /Applications/MAMP/htdocs/wp-plugin-review/wp-content/plugins/reviews/reviews.php on line 67
[15-Mar-2018 15:31:21 UTC] PHP Warning:  require(/Applications/MAMP/htdocs/wp-plugin-review/wp-content/plugins/reviews/includes/class-plugin-name.php): failed to open stream: No such file or directory in /Applications/MAMP/htdocs/wp-plugin-review/wp-content/plugins/reviews/reviews.php on line 67
[15-Mar-2018 15:31:21 UTC] PHP Fatal error:  require(): Failed opening required '/Applications/MAMP/htdocs/wp-plugin-review/wp-content/plugins/reviews/includes/class-plugin-name.php' (include_path='.:/Applications/MAMP/bin/php/php7.1.6/lib/php') in /Applications/MAMP/htdocs/wp-plugin-review/wp-content/plugins/reviews/reviews.php on line 67
[15-Mar-2018 15:31:54 UTC] PHP Warning:  require(/Applications/MAMP/htdocs/wp-plugin-review/wp-content/plugins/reviews/includes/class-plugin-name.php): failed to open stream: No such file or directory in /Applications/MAMP/htdocs/wp-plugin-review/wp-content/plugins/reviews/reviews.php on line 67
[15-Mar-2018 15:31:54 UTC] PHP Fatal error:  require(): Failed opening required '/Applications/MAMP/htdocs/wp-plugin-review/wp-content/plugins/reviews/includes/class-plugin-name.php' (include_path='.:/Applications/MAMP/bin/php/php7.1.6/lib/php') in /Applications/MAMP/htdocs/wp-plugin-review/wp-content/plugins/reviews/reviews.php on line 67
[15-Mar-2018 15:31:54 UTC] PHP Warning:  require(/Applications/MAMP/htdocs/wp-plugin-review/wp-content/plugins/reviews/includes/class-plugin-name.php): failed to open stream: No such file or directory in /Applications/MAMP/htdocs/wp-plugin-review/wp-content/plugins/reviews/reviews.php on line 67
[15-Mar-2018 15:31:54 UTC] PHP Fatal error:  require(): Failed opening required '/Applications/MAMP/htdocs/wp-plugin-review/wp-content/plugins/reviews/includes/class-plugin-name.php' (include_path='.:/Applications/MAMP/bin/php/php7.1.6/lib/php') in /Applications/MAMP/htdocs/wp-plugin-review/wp-content/plugins/reviews/reviews.php on line 67
[15-Mar-2018 15:31:54 UTC] PHP Warning:  require(/Applications/MAMP/htdocs/wp-plugin-review/wp-content/plugins/reviews/includes/class-plugin-name.php): failed to open stream: No such file or directory in /Applications/MAMP/htdocs/wp-plugin-review/wp-content/plugins/reviews/reviews.php on line 67
[15-Mar-2018 15:31:54 UTC] PHP Fatal error:  require(): Failed opening required '/Applications/MAMP/htdocs/wp-plugin-review/wp-content/plugins/reviews/includes/class-plugin-name.php' (include_path='.:/Applications/MAMP/bin/php/php7.1.6/lib/php') in /Applications/MAMP/htdocs/wp-plugin-review/wp-content/plugins/reviews/reviews.php on line 67
